c:\users\felip\documents\projetos\code\repos\image-analysis-course\src\c_functions\c_functions\x64\debug\vc143.pdb
c:\users\felip\documents\projetos\code\repos\image-analysis-course\src\c_functions\c_functions\x64\debug\vc143.idb
c:\users\felip\documents\projetos\code\repos\image-analysis-course\src\c_functions\c_functions\x64\debug\main.nativecodeanalysis.sarif
c:\users\felip\documents\projetos\code\repos\image-analysis-course\src\c_functions\c_functions\x64\debug\main.nativecodeanalysis.xml
c:\users\felip\documents\projetos\code\repos\image-analysis-course\src\c_functions\c_functions\x64\debug\main_backup.nativecodeanalysis.sarif
c:\users\felip\documents\projetos\code\repos\image-analysis-course\src\c_functions\c_functions\x64\debug\main_backup.nativecodeanalysis.xml
c:\users\felip\documents\projetos\code\repos\image-analysis-course\src\c_functions\c_functions\x64\debug\main_backup.obj
c:\users\felip\documents\projetos\code\repos\image-analysis-course\src\c_functions\c_functions\x64\debug\main.obj
c:\users\felip\documents\projetos\code\repos\image-analysis-course\src\c_functions\x64\debug\c_functions.exe
c:\users\felip\documents\projetos\code\repos\image-analysis-course\src\c_functions\x64\debug\c_functions.pdb
c:\users\felip\documents\projetos\code\repos\image-analysis-course\src\c_functions\c_functions\x64\debug\c_functions.ilk
c:\users\felip\documents\projetos\code\repos\image-analysis-course\src\c_functions\c_functions\x64\debug\vc.nativecodeanalysis.all.xml
c:\users\felip\documents\projetos\code\repos\image-analysis-course\src\c_functions\c_functions\x64\debug\c_functions.tlog\cl.command.1.tlog
c:\users\felip\documents\projetos\code\repos\image-analysis-course\src\c_functions\c_functions\x64\debug\c_functions.tlog\cl.items.tlog
c:\users\felip\documents\projetos\code\repos\image-analysis-course\src\c_functions\c_functions\x64\debug\c_functions.tlog\cl.read.1.tlog
c:\users\felip\documents\projetos\code\repos\image-analysis-course\src\c_functions\c_functions\x64\debug\c_functions.tlog\cl.write.1.tlog
c:\users\felip\documents\projetos\code\repos\image-analysis-course\src\c_functions\c_functions\x64\debug\c_functions.tlog\link.command.1.tlog
c:\users\felip\documents\projetos\code\repos\image-analysis-course\src\c_functions\c_functions\x64\debug\c_functions.tlog\link.read.1.tlog
c:\users\felip\documents\projetos\code\repos\image-analysis-course\src\c_functions\c_functions\x64\debug\c_functions.tlog\link.secondary.1.tlog
c:\users\felip\documents\projetos\code\repos\image-analysis-course\src\c_functions\c_functions\x64\debug\c_functions.tlog\link.write.1.tlog
